This is pdfTeX, Version 3.141592653-2.6-1.40.25 (TeX Live 2023/Debian) (preloaded format=pdflatex)
 restricted \write18 enabled.
entering extended mode
(./project_documentation.tex
LaTeX2e <2023-11-01> patch level 1
L3 programming layer <2024-01-22>
(/usr/share/texlive/texmf-dist/tex/latex/base/article.cls
Document Class: article 2023/05/17 v1.4n Standard LaTeX document class
(/usr/share/texlive/texmf-dist/tex/latex/base/size12.clo))
(/usr/share/texlive/texmf-dist/tex/latex/base/inputenc.sty)
(/usr/share/texlive/texmf-dist/tex/generic/babel/babel.sty
(/usr/share/texlive/texmf-dist/tex/generic/babel/txtbabel.def)
(/usr/share/texlive/texmf-dist/tex/generic/babel-english/english.ldf))
(/usr/share/texlive/texmf-dist/tex/generic/babel/locale/en/babel-english.tex)
(/usr/share/texlive/texmf-dist/tex/latex/amsmath/amsmath.sty
For additional information on amsmath, use the `?' option.
(/usr/share/texlive/texmf-dist/tex/latex/amsmath/amstext.sty
(/usr/share/texlive/texmf-dist/tex/latex/amsmath/amsgen.sty))
(/usr/share/texlive/texmf-dist/tex/latex/amsmath/amsbsy.sty)
(/usr/share/texlive/texmf-dist/tex/latex/amsmath/amsopn.sty))
(/usr/share/texlive/texmf-dist/tex/latex/amsfonts/amsfonts.sty)
(/usr/share/texlive/texmf-dist/tex/latex/amsfonts/amssymb.sty)
(/usr/share/texlive/texmf-dist/tex/latex/graphics/graphicx.sty
(/usr/share/texlive/texmf-dist/tex/latex/graphics/keyval.sty)
(/usr/share/texlive/texmf-dist/tex/latex/graphics/graphics.sty
(/usr/share/texlive/texmf-dist/tex/latex/graphics/trig.sty)
(/usr/share/texlive/texmf-dist/tex/latex/graphics-cfg/graphics.cfg)
(/usr/share/texlive/texmf-dist/tex/latex/graphics-def/pdftex.def)))
(/usr/share/texlive/texmf-dist/tex/latex/listings/listings.sty
(/usr/share/texlive/texmf-dist/tex/latex/listings/lstmisc.sty)
(/usr/share/texlive/texmf-dist/tex/latex/listings/listings.cfg))
(/usr/share/texlive/texmf-dist/tex/latex/xcolor/xcolor.sty
(/usr/share/texlive/texmf-dist/tex/latex/graphics-cfg/color.cfg)
(/usr/share/texlive/texmf-dist/tex/latex/graphics/mathcolor.ltx))
(/usr/share/texlive/texmf-dist/tex/latex/geometry/geometry.sty
(/usr/share/texlive/texmf-dist/tex/generic/iftex/ifvtex.sty
(/usr/share/texlive/texmf-dist/tex/generic/iftex/iftex.sty)))
(/usr/share/texlive/texmf-dist/tex/latex/hyperref/hyperref.sty
(/usr/share/texlive/texmf-dist/tex/latex/kvsetkeys/kvsetkeys.sty)
(/usr/share/texlive/texmf-dist/tex/generic/kvdefinekeys/kvdefinekeys.sty)
(/usr/share/texlive/texmf-dist/tex/generic/pdfescape/pdfescape.sty
(/usr/share/texlive/texmf-dist/tex/generic/ltxcmds/ltxcmds.sty)
(/usr/share/texlive/texmf-dist/tex/generic/pdftexcmds/pdftexcmds.sty
(/usr/share/texlive/texmf-dist/tex/generic/infwarerr/infwarerr.sty)))
(/usr/share/texlive/texmf-dist/tex/latex/hycolor/hycolor.sty)
(/usr/share/texlive/texmf-dist/tex/latex/auxhook/auxhook.sty)
(/usr/share/texlive/texmf-dist/tex/latex/hyperref/nameref.sty
(/usr/share/texlive/texmf-dist/tex/latex/refcount/refcount.sty)
(/usr/share/texlive/texmf-dist/tex/generic/gettitlestring/gettitlestring.sty
(/usr/share/texlive/texmf-dist/tex/latex/kvoptions/kvoptions.sty)))
(/usr/share/texlive/texmf-dist/tex/latex/etoolbox/etoolbox.sty)
(/usr/share/texlive/texmf-dist/tex/latex/hyperref/pd1enc.def)
(/usr/share/texlive/texmf-dist/tex/generic/intcalc/intcalc.sty)
(/usr/share/texlive/texmf-dist/tex/latex/hyperref/puenc.def)
(/usr/share/texlive/texmf-dist/tex/latex/url/url.sty)
(/usr/share/texlive/texmf-dist/tex/generic/bitset/bitset.sty
(/usr/share/texlive/texmf-dist/tex/generic/bigintcalc/bigintcalc.sty))
(/usr/share/texlive/texmf-dist/tex/latex/base/atbegshi-ltx.sty))
(/usr/share/texlive/texmf-dist/tex/latex/hyperref/hpdftex.def
(/usr/share/texlive/texmf-dist/tex/latex/base/atveryend-ltx.sty)
(/usr/share/texlive/texmf-dist/tex/latex/rerunfilecheck/rerunfilecheck.sty
(/usr/share/texlive/texmf-dist/tex/generic/uniquecounter/uniquecounter.sty)))
(/usr/share/texlive/texmf-dist/tex/latex/fancyhdr/fancyhdr.sty)
(/usr/share/texlive/texmf-dist/tex/latex/titlesec/titlesec.sty)
(/usr/share/texlive/texmf-dist/tex/latex/booktabs/booktabs.sty)
(/usr/share/texlive/texmf-dist/tex/latex/tools/longtable.sty)
(/usr/share/texlive/texmf-dist/tex/latex/tools/array.sty)
(/usr/share/texlive/texmf-dist/tex/latex/multirow/multirow.sty)
(/usr/share/texlive/texmf-dist/tex/latex/l3backend/l3backend-pdftex.def)
(./project_documentation.aux)
(/usr/share/texlive/texmf-dist/tex/context/base/mkii/supp-pdf.mkii
[Loading MPS to PDF converter (version 2006.09.02).]
) (/usr/share/texlive/texmf-dist/tex/latex/epstopdf-pkg/epstopdf-base.sty
(/usr/share/texlive/texmf-dist/tex/latex/latexconfig/epstopdf-sys.cfg))
*geometry* driver: auto-detecting
*geometry* detected driver: pdftex
(./project_documentation.out) (./project_documentation.out)
(/usr/share/texlive/texmf-dist/tex/latex/amsfonts/umsa.fd)
(/usr/share/texlive/texmf-dist/tex/latex/amsfonts/umsb.fd) [1{/var/lib/texmf/fo
nts/map/pdftex/updmap/pdftex.map}] (./project_documentation.toc)

Package fancyhdr Warning: \headheight is too small (12.0pt): 
(fancyhdr)                Make it at least 14.49998pt, for example:
(fancyhdr)                \setlength{\headheight}{14.49998pt}.
(fancyhdr)                You might also make \topmargin smaller to compensate:

(fancyhdr)                \addtolength{\topmargin}{-2.49998pt}.

[2]

LaTeX Warning: `h' float specifier changed to `ht'.

(/usr/share/texlive/texmf-dist/tex/latex/listings/lstlang1.sty)
(/usr/share/texlive/texmf-dist/tex/latex/listings/lstlang1.sty)
(/usr/share/texlive/texmf-dist/tex/latex/listings/lstmisc.sty)

Package fancyhdr Warning: \headheight is too small (12.0pt): 
(fancyhdr)                Make it at least 14.49998pt, for example:
(fancyhdr)                \setlength{\headheight}{14.49998pt}.
(fancyhdr)                You might also make \topmargin smaller to compensate:

(fancyhdr)                \addtolength{\topmargin}{-2.49998pt}.

[3]

Package fancyhdr Warning: \headheight is too small (12.0pt): 
(fancyhdr)                Make it at least 14.49998pt, for example:
(fancyhdr)                \setlength{\headheight}{14.49998pt}.
(fancyhdr)                You might also make \topmargin smaller to compensate:

(fancyhdr)                \addtolength{\topmargin}{-2.49998pt}.

[4 <./mpi_naive_diagram.png>]
Overfull \hbox (17.53578pt too wide) in paragraph at lines 162--163
[]\OT1/cmtt/m/n/12 localMatrixComputation()\OT1/cmr/m/n/12 : Each pro-cess com-
putes its por-tion us-ing cache-optimized

LaTeX Warning: `h' float specifier changed to `ht'.


Package fancyhdr Warning: \headheight is too small (12.0pt): 
(fancyhdr)                Make it at least 14.49998pt, for example:
(fancyhdr)                \setlength{\headheight}{14.49998pt}.
(fancyhdr)                You might also make \topmargin smaller to compensate:

(fancyhdr)                \addtolength{\topmargin}{-2.49998pt}.

[5]

Package fancyhdr Warning: \headheight is too small (12.0pt): 
(fancyhdr)                Make it at least 14.49998pt, for example:
(fancyhdr)                \setlength{\headheight}{14.49998pt}.
(fancyhdr)                You might also make \topmargin smaller to compensate:

(fancyhdr)                \addtolength{\topmargin}{-2.49998pt}.

[6 <./mpi_strassen_diagram.png>]

Package fancyhdr Warning: \headheight is too small (12.0pt): 
(fancyhdr)                Make it at least 14.49998pt, for example:
(fancyhdr)                \setlength{\headheight}{14.49998pt}.
(fancyhdr)                You might also make \topmargin smaller to compensate:

(fancyhdr)                \addtolength{\topmargin}{-2.49998pt}.

[7]

Package fancyhdr Warning: \headheight is too small (12.0pt): 
(fancyhdr)                Make it at least 14.49998pt, for example:
(fancyhdr)                \setlength{\headheight}{14.49998pt}.
(fancyhdr)                You might also make \topmargin smaller to compensate:

(fancyhdr)                \addtolength{\topmargin}{-2.49998pt}.

[8]

Package fancyhdr Warning: \headheight is too small (12.0pt): 
(fancyhdr)                Make it at least 14.49998pt, for example:
(fancyhdr)                \setlength{\headheight}{14.49998pt}.
(fancyhdr)                You might also make \topmargin smaller to compensate:

(fancyhdr)                \addtolength{\topmargin}{-2.49998pt}.

[9]

Package fancyhdr Warning: \headheight is too small (12.0pt): 
(fancyhdr)                Make it at least 14.49998pt, for example:
(fancyhdr)                \setlength{\headheight}{14.49998pt}.
(fancyhdr)                You might also make \topmargin smaller to compensate:

(fancyhdr)                \addtolength{\topmargin}{-2.49998pt}.

[10] (/usr/share/texlive/texmf-dist/tex/latex/listings/lstlang1.sty)
(/usr/share/texlive/texmf-dist/tex/latex/listings/lstlang1.sty)

Package fancyhdr Warning: \headheight is too small (12.0pt): 
(fancyhdr)                Make it at least 14.49998pt, for example:
(fancyhdr)                \setlength{\headheight}{14.49998pt}.
(fancyhdr)                You might also make \topmargin smaller to compensate:

(fancyhdr)                \addtolength{\topmargin}{-2.49998pt}.

[11]

! LaTeX Error: Not in outer par mode.

See the LaTeX manual or LaTeX Companion for explanation.
Type  H <return>  for immediate help.
 ...                                              
                                                  
l.543 \begin{table}[h]
                      

! LaTeX Error: Something's wrong--perhaps a missing \item.

See the LaTeX manual or LaTeX Companion for explanation.
Type  H <return>  for immediate help.
 ...                                              
                                                  
l.571 \subsection{OpenMP Strassen Results}
                                          

! LaTeX Error: Something's wrong--perhaps a missing \item.

See the LaTeX manual or LaTeX Companion for explanation.
Type  H <return>  for immediate help.
 ...                                              
                                                  
l.571 \subsection{OpenMP Strassen Results}
                                          

! Package titlesec Error: Entered in horizontal mode.

See the titlesec package documentation for explanation.
Type  H <return>  for immediate help.
 ...                                              
                                                  
l.571 \subsection{OpenMP Strassen Results}
                                          

! LaTeX Error: Not in outer par mode.

See the LaTeX manual or LaTeX Companion for explanation.
Type  H <return>  for immediate help.
 ...                                              
                                                  
l.573 \begin{figure}[h]
                       

! LaTeX Error: Not in outer par mode.

See the LaTeX manual or LaTeX Companion for explanation.
Type  H <return>  for immediate help.
 ...                                              
                                                  
l.580 \begin{table}[h]
                      

! LaTeX Error: Not in outer par mode.

See the LaTeX manual or LaTeX Companion for explanation.
Type  H <return>  for immediate help.
 ...                                              
                                                  
l.608 \begin{table}[h]
                      

! LaTeX Error: Not in outer par mode.

See the LaTeX manual or LaTeX Companion for explanation.
Type  H <return>  for immediate help.
 ...                                              
                                                  
l.636 \begin{figure}[h]
                       

! LaTeX Error: Not in outer par mode.

See the LaTeX manual or LaTeX Companion for explanation.
Type  H <return>  for immediate help.
 ...                                              
                                                  
l.643 \begin{figure}[h]
                       

! Package titlesec Error: Entered in horizontal mode.

See the titlesec package documentation for explanation.
Type  H <return>  for immediate help.
 ...                                              
                                                  
l.650 \subsection{Performance Analysis}
                                       

! LaTeX Error: Not in outer par mode.

See the LaTeX manual or LaTeX Companion for explanation.
Type  H <return>  for immediate help.
 ...                                              
                                                  
l.652 \begin{figure}[h]
                       

! Package titlesec Error: Entered in horizontal mode.

See the titlesec package documentation for explanation.
Type  H <return>  for immediate help.
 ...                                              
                                                  
l.659 \subsubsection{Scalability Observations}
                                              

! LaTeX Error: Not in outer par mode.

See the LaTeX manual or LaTeX Companion for explanation.
Type  H <return>  for immediate help.
 ...                                              
                                                  
l.661 \begin{table}[h]
                      

! Package titlesec Error: Entered in horizontal mode.

See the titlesec package documentation for explanation.
Type  H <return>  for immediate help.
 ...                                              
                                                  
l.683 \subsection{OpenMP Strassen Results}
                                          

! LaTeX Error: Not in outer par mode.

See the LaTeX manual or LaTeX Companion for explanation.
Type  H <return>  for immediate help.
 ...                                              
                                                  
l.685 \begin{table}[h]
                      

! Package titlesec Error: Entered in horizontal mode.

See the titlesec package documentation for explanation.
Type  H <return>  for immediate help.
 ...                                              
                                                  
l.703 \subsection{Performance Analysis}
                                       

! Package titlesec Error: Entered in horizontal mode.

See the titlesec package documentation for explanation.
Type  H <return>  for immediate help.
 ...                                              
                                                  
l.705 \subsubsection{Scalability Observations}
                                              

! LaTeX Error: Something's wrong--perhaps a missing \item.

See the LaTeX manual or LaTeX Companion for explanation.
Type  H <return>  for immediate help.
 ...                                              
                                                  
l.708     \item \textbf
                       {Small Matrices (100×100)}:
! Missing \endgroup inserted.
<inserted text> 
                \endgroup 
l.710         \item P
                     arallel overhead dominates computation
! Missing \endgroup inserted.
<inserted text> 
                \endgroup 
l.710         \item P
                     arallel overhead dominates computation
! Missing \endgroup inserted.
<inserted text> 
                \endgroup 
l.710         \item P
                     arallel overhead dominates computation
! Missing } inserted.
<inserted text> 
                }
l.710         \item P
                     arallel overhead dominates computation
! Missing \cr inserted.
<inserted text> 
                \cr 
l.710         \item P
                     arallel overhead dominates computation
! Missing } inserted.
<inserted text> 
                }
l.710         \item P
                     arallel overhead dominates computation
! Missing \cr inserted.
<inserted text> 
                \cr 
l.710         \item P
                     arallel overhead dominates computation
! Misplaced \cr.
<inserted text> \cr 
                    
l.710         \item P
                     arallel overhead dominates computation
! Missing \cr inserted.
<inserted text> 
                \cr 
l.710         \item P
                     arallel overhead dominates computation
! Misplaced \cr.
<inserted text> \cr 
                    
l.710         \item P
                     arallel overhead dominates computation
! Missing \cr inserted.
<inserted text> 
                \cr 
l.710         \item P
                     arallel overhead dominates computation
! Misplaced \cr.
<inserted text> \cr 
                    
l.710         \item P
                     arallel overhead dominates computation
! Missing \cr inserted.
<inserted text> 
                \cr 
l.710         \item P
                     arallel overhead dominates computation
! Misplaced \cr.
<inserted text> \cr 
                    
l.710         \item P
                     arallel overhead dominates computation
! Missing \cr inserted.
<inserted text> 
                \cr 
l.710         \item P
                     arallel overhead dominates computation
! Misplaced \cr.
<inserted text> \cr 
                    
l.710         \item P
                     arallel overhead dominates computation
! Missing \cr inserted.
<inserted text> 
                \cr 
l.710         \item P
                     arallel overhead dominates computation
! Misplaced \cr.
<inserted text> \cr 
                    
l.710         \item P
                     arallel overhead dominates computation
! Missing \cr inserted.
<inserted text> 
                \cr 
l.710         \item P
                     arallel overhead dominates computation
! Misplaced \cr.
<inserted text> \cr 
                    
l.710         \item P
                     arallel overhead dominates computation
! Missing \cr inserted.
<inserted text> 
                \cr 
l.710         \item P
                     arallel overhead dominates computation
! Misplaced \cr.
<inserted text> \cr 
                    
l.710         \item P
                     arallel overhead dominates computation
! Missing \cr inserted.
<inserted text> 
                \cr 
l.710         \item P
                     arallel overhead dominates computation
! Misplaced \cr.
<inserted text> \cr 
                    
l.710         \item P
                     arallel overhead dominates computation
! Missing \cr inserted.
<inserted text> 
                \cr 
l.710         \item P
                     arallel overhead dominates computation
! Misplaced \cr.
<inserted text> \cr 
                    
l.710         \item P
                     arallel overhead dominates computation
! Missing \cr inserted.
<inserted text> 
                \cr 
l.710         \item P
                     arallel overhead dominates computation
! Misplaced \cr.
<inserted text> \cr 
                    
l.710         \item P
                     arallel overhead dominates computation
! Missing \cr inserted.
<inserted text> 
                \cr 
l.710         \item P
                     arallel overhead dominates computation
! Misplaced \cr.
<inserted text> \cr 
                    
l.710         \item P
                     arallel overhead dominates computation
! Missing \cr inserted.
<inserted text> 
                \cr 
l.710         \item P
                     arallel overhead dominates computation
! Misplaced \cr.
<inserted text> \cr 
                    
l.710         \item P
                     arallel overhead dominates computation
! Missing \cr inserted.
<inserted text> 
                \cr 
l.710         \item P
                     arallel overhead dominates computation
! Misplaced \cr.
<inserted text> \cr 
                    
l.710         \item P
                     arallel overhead dominates computation
! Missing \cr inserted.
<inserted text> 
                \cr 
l.710         \item P
                     arallel overhead dominates computation
! Misplaced \cr.
<inserted text> \cr 
                    
l.710         \item P
                     arallel overhead dominates computation
! Missing \cr inserted.
<inserted text> 
                \cr 
l.710         \item P
                     arallel overhead dominates computation
! Misplaced \cr.
<inserted text> \cr 
                    
l.710         \item P
                     arallel overhead dominates computation
! Missing \cr inserted.
<inserted text> 
                \cr 
l.710         \item P
                     arallel overhead dominates computation
! Misplaced \cr.
<inserted text> \cr 
                    
l.710         \item P
                     arallel overhead dominates computation
! Missing \cr inserted.
<inserted text> 
                \cr 
l.710         \item P
                     arallel overhead dominates computation
! Misplaced \cr.
<inserted text> \cr 
                    
l.710         \item P
                     arallel overhead dominates computation
! Missing \cr inserted.
<inserted text> 
                \cr 
l.710         \item P
                     arallel overhead dominates computation
! Misplaced \cr.
<inserted text> \cr 
                    
l.710         \item P
                     arallel overhead dominates computation
! Missing \cr inserted.
<inserted text> 
                \cr 
l.710         \item P
                     arallel overhead dominates computation
! Misplaced \cr.
<inserted text> \cr 
                    
l.710         \item P
                     arallel overhead dominates computation
! Missing \cr inserted.
<inserted text> 
                \cr 
l.710         \item P
                     arallel overhead dominates computation
! Misplaced \cr.
<inserted text> \cr 
                    
l.710         \item P
                     arallel overhead dominates computation
! Missing \cr inserted.
<inserted text> 
                \cr 
l.710         \item P
                     arallel overhead dominates computation
! Misplaced \cr.
<inserted text> \cr 
                    
l.710         \item P
                     arallel overhead dominates computation
! Missing \cr inserted.
<inserted text> 
                \cr 
l.710         \item P
                     arallel overhead dominates computation
! Misplaced \cr.
<inserted text> \cr 
                    
l.710         \item P
                     arallel overhead dominates computation
! Missing \cr inserted.
<inserted text> 
                \cr 
l.710         \item P
                     arallel overhead dominates computation
! Misplaced \cr.
<inserted text> \cr 
                    
l.710         \item P
                     arallel overhead dominates computation
! Missing \cr inserted.
<inserted text> 
                \cr 
l.710         \item P
                     arallel overhead dominates computation
! Misplaced \cr.
<inserted text> \cr 
                    
l.710         \item P
                     arallel overhead dominates computation
! Missing \cr inserted.
<inserted text> 
                \cr 
l.710         \item P
                     arallel overhead dominates computation
! Misplaced \cr.
<inserted text> \cr 
                    
l.710         \item P
                     arallel overhead dominates computation
! Missing \cr inserted.
<inserted text> 
                \cr 
l.710         \item P
                     arallel overhead dominates computation
! Misplaced \cr.
<inserted text> \cr 
                    
l.710         \item P
                     arallel overhead dominates computation
! Missing \cr inserted.
<inserted text> 
                \cr 
l.710         \item P
                     arallel overhead dominates computation
! Misplaced \cr.
<inserted text> \cr 
                    
l.710         \item P
                     arallel overhead dominates computation
! Missing \cr inserted.
<inserted text> 
                \cr 
l.710         \item P
                     arallel overhead dominates computation
! Misplaced \cr.
<inserted text> \cr 
                    
l.710         \item P
                     arallel overhead dominates computation
! Missing \cr inserted.
<inserted text> 
                \cr 
l.710         \item P
                     arallel overhead dominates computation
! Misplaced \cr.
<inserted text> \cr 
                    
l.710         \item P
                     arallel overhead dominates computation
! Missing \cr inserted.
<inserted text> 
                \cr 
l.710         \item P
                     arallel overhead dominates computation
! Misplaced \cr.
<inserted text> \cr 
                    
l.710         \item P
                     arallel overhead dominates computation
! Missing \cr inserted.
<inserted text> 
                \cr 
l.710         \item P
                     arallel overhead dominates computation
! Misplaced \cr.
<inserted text> \cr 
                    
l.710         \item P
                     arallel overhead dominates computation
! Missing \cr inserted.
<inserted text> 
                \cr 
l.710         \item P
                     arallel overhead dominates computation
! Misplaced \cr.
<inserted text> \cr 
                    
l.710         \item P
                     arallel overhead dominates computation
! Missing \cr inserted.
<inserted text> 
                \cr 
l.710         \item P
                     arallel overhead dominates computation
! Misplaced \cr.
<inserted text> \cr 
                    
l.710         \item P
                     arallel overhead dominates computation
! Missing \cr inserted.
<inserted text> 
                \cr 
l.710         \item P
                     arallel overhead dominates computation
! Misplaced \cr.
<inserted text> \cr 
                    
l.710         \item P
                     arallel overhead dominates computation
! Missing \cr inserted.
<inserted text> 
                \cr 
l.710         \item P
                     arallel overhead dominates computation
! Misplaced \cr.
<inserted text> \cr 
                    
l.710         \item P
                     arallel overhead dominates computation
! Missing \cr inserted.
<inserted text> 
                \cr 
l.710         \item P
                     arallel overhead dominates computation
! Misplaced \cr.
<inserted text> \cr 
                    
l.710         \item P
                     arallel overhead dominates computation
! Missing \cr inserted.
<inserted text> 
                \cr 
l.710         \item P
                     arallel overhead dominates computation
! Misplaced \cr.
<inserted text> \cr 
                    
l.710         \item P
                     arallel overhead dominates computation
! Missing \cr inserted.
<inserted text> 
                \cr 
l.710         \item P
                     arallel overhead dominates computation
! Misplaced \cr.
<inserted text> \cr 
                    
l.710         \item P
                     arallel overhead dominates computation
! Missing \cr inserted.
<inserted text> 
                \cr 
l.710         \item P
                     arallel overhead dominates computation
! Misplaced \cr.
<inserted text> \cr 
                    
l.710         \item P
                     arallel overhead dominates computation
! Missing \cr inserted.
<inserted text> 
                \cr 
l.710         \item P
                     arallel overhead dominates computation
! Misplaced \cr.
<inserted text> \cr 
                    
l.710         \item P
                     arallel overhead dominates computation
! Missing \cr inserted.
<inserted text> 
                \cr 
l.710         \item P
                     arallel overhead dominates computation
! Misplaced \cr.
<inserted text> \cr 
                    
l.710         \item P
                     arallel overhead dominates computation
! Missing \cr inserted.
<inserted text> 
                \cr 
l.710         \item P
                     arallel overhead dominates computation
! Misplaced \cr.
<inserted text> \cr 
                    
l.710         \item P
                     arallel overhead dominates computation
! Missing \cr inserted.
<inserted text> 
                \cr 
l.710         \item P
                     arallel overhead dominates computation
! Misplaced \cr.
<inserted text> \cr 
                    
l.710         \item P
                     arallel overhead dominates computation
! Missing \cr inserted.
<inserted text> 
                \cr 
l.710         \item P
                     arallel overhead dominates computation
! Misplaced \cr.
<inserted text> \cr 
                    
l.710         \item P
                     arallel overhead dominates computation
! Missing \cr inserted.
<inserted text> 
                \cr 
l.710         \item P
                     arallel overhead dominates computation
(That makes 100 errors; please try again.)
!  ==> Fatal error occurred, no output PDF file produced!
Transcript written on project_documentation.log.
